<?xml version="1.0" encoding="UTF-8"?>
<testsuite name="com.dassuncao.avro.generator.AvroGeneratorTest" tests="1" skipped="0" failures="0" errors="0" timestamp="2020-05-15T21:03:36" hostname="dassuncao" time="0.261">
  <properties/>
  <testcase name="test_avro_generator_using_user_sample()" classname="com.dassuncao.avro.generator.AvroGeneratorTest" time="0.261"/>
  <system-out><![CDATA[]]></system-out>
  <system-err><![CDATA[]]></system-err>
</testsuite>
